<?xml version="1.0" encoding="UTF-8"?>
<!-- Generated by org.testng.reporters.JUnitXMLReporter -->
<testsuite hostname="LAP0012" ignored="0" name="Free CRM App Test Cases" tests="10" failures="0" timestamp="2019-11-06T15:49:47 PKT" time="237.575" errors="0">
  <testcase name="LoginPageTitle" time="0.062" classname="com.crm.qa.testcases.LoginPageTest"/>
  <testcase name="LoginTest" time="1.734" classname="com.crm.qa.testcases.LoginPageTest"/>
  <testcase name="verifyhomepagetitleTest" time="0.512" classname="com.crm.qa.testcases.HomePageTest"/>
  <testcase name="verifyusernameTest" time="3.797" classname="com.crm.qa.testcases.HomePageTest"/>
  <testcase name="clickonContactsTest" time="4.404" classname="com.crm.qa.testcases.HomePageTest"/>
  <testcase name="clickonDealsTest" time="4.012" classname="com.crm.qa.testcases.HomePageTest"/>
  <testcase name="clickonTasksTest" time="2.182" classname="com.crm.qa.testcases.HomePageTest"/>
  <testcase name="validateCreateNewContact" time="16.05" classname="com.crm.qa.testcases.ContactsPageTest"/>
  <testcase name="validateCreateNewContact" time="18.693" classname="com.crm.qa.testcases.ContactsPageTest"/>
  <testcase name="validateCreateNewContact" time="16.117" classname="com.crm.qa.testcases.ContactsPageTest"/>
</testsuite> <!-- Free CRM App Test Cases -->
